<?xml version="1.0" encoding="utf-8"?><testsuites name="pytest tests"><testsuite name="pytest" errors="0" failures="0" skipped="0" tests="240" time="4.522" timestamp="2026-05-09T16:32:37.742293+09:00" hostname="LAPTOP-64J3N6QP"><testcase classname="OdaiBotAPI.tests.test_auth.TestLogin" name="test_success" time="0.206" /><testcase classname="OdaiBotAPI.tests.test_auth.TestLogin" name="test_wrong_password_returns_401" time="0.187" /><testcase classname="OdaiBotAPI.tests.test_auth.TestLogin" name="test_user_not_found_returns_401" time="0.006" /><testcase classname="OdaiBotAPI.tests.test_auth.TestRegister" name="test_success" time="0.093" /><testcase classname="OdaiBotAPI.tests.test_auth.TestRegister" name="test_short_password_returns_400" time="0.006" /><testcase classname="OdaiBotAPI.tests.test_auth.TestRegister" name="test_invalid_token_returns_404" time="0.005" /><testcase classname="OdaiBotAPI.tests.test_auth.TestRegister" name="test_duplicate_username_returns_409" time="0.006" /><testcase classname="OdaiBotAPI.tests.test_auth.TestCreateInvite" name="test_success" time="0.007" /><testcase classname="OdaiBotAPI.tests.test_auth.TestCreateInvite" name="test_invalid_role_returns_400" time="0.005" /><testcase classname="OdaiBotAPI.tests.test_auth.TestCreateInvite" name="test_duplicate_username_returns_409" time="0.005" /><testcase classname="OdaiBotAPI.tests.test_auth.TestListUsers" name="test_success" time="0.006" /><testcase classname="OdaiBotAPI.tests.test_auth.TestCreateUser" name="test_success_first_user" time="0.095" /><testcase classname="OdaiBotAPI.tests.test_auth.TestCreateUser" name="test_short_password_returns_400" time="0.005" /><testcase classname="OdaiBotAPI.tests.test_auth.TestCreateUser" name="test_duplicate_username_returns_409" time="0.004" /><testcase classname="OdaiBotAPI.tests.test_auth.TestUpdateUser" name="test_success" time="0.006" /><testcase classname="OdaiBotAPI.tests.test_auth.TestUpdateUser" name="test_not_found_returns_404" time="0.004" /><testcase classname="OdaiBotAPI.tests.test_auth.TestUpdateUser" name="test_no_update_fields_returns_400" time="0.005" /><testcase classname="OdaiBotAPI.tests.test_auth.TestDeleteUser" name="test_success" time="0.005" /><testcase classname="OdaiBotAPI.tests.test_auth.TestDeleteUser" name="test_self_delete_returns_400" time="0.004" /><testcase classname="OdaiBotAPI.tests.test_auth.TestDeleteUser" name="test_not_found_returns_404" time="0.004" /><testcase classname="OdaiBotAPI.tests.test_auth_global.TestGlobalLogin" name="test_success" time="0.178" /><testcase classname="OdaiBotAPI.tests.test_auth_global.TestGlobalLogin" name="test_wrong_password_returns_401" time="0.177" /><testcase classname="OdaiBotAPI.tests.test_auth_global.TestGlobalLogin" name="test_user_not_found_returns_401" time="0.006" /><testcase classname="OdaiBotAPI.tests.test_auth_global.TestGlobalLogin" name="test_no_guilds_returns_403" time="0.176" /><testcase classname="OdaiBotAPI.tests.test_auth_global.TestGlobalLogin" name="test_display_name_in_response" time="0.186" /><testcase classname="OdaiBotAPI.tests.test_auth_global.TestListGuilds" name="test_success" time="0.005" /><testcase classname="OdaiBotAPI.tests.test_auth_global.TestListGuilds" name="test_no_token_returns_401" time="0.005" /><testcase classname="OdaiBotAPI.tests.test_auth_global.TestListGuilds" name="test_invalid_token_returns_401" time="0.005" /><testcase classname="OdaiBotAPI.tests.test_auth_global.TestListGuilds" name="test_multiple_guilds" time="0.004" /><testcase classname="OdaiBotAPI.tests.test_auth_users.TestResetPassword" name="test_success" time="0.089" /><testcase classname="OdaiBotAPI.tests.test_auth_users.TestResetPassword" name="test_invalid_token_returns_404" time="0.006" /><testcase classname="OdaiBotAPI.tests.test_auth_users.TestResetPassword" name="test_user_not_found_returns_404" time="0.005" /><testcase classname="OdaiBotAPI.tests.test_auth_users.TestResetPassword" name="test_short_password_returns_400" time="0.005" /><testcase classname="OdaiBotAPI.tests.test_auth_users.TestGetInviteInfo" name="test_success" time="0.005" /><testcase classname="OdaiBotAPI.tests.test_auth_users.TestGetInviteInfo" name="test_invalid_token_returns_404" time="0.004" /><testcase classname="OdaiBotAPI.tests.test_auth_users.TestListBans" name="test_success" time="0.005" /><testcase classname="OdaiBotAPI.tests.test_auth_users.TestListBans" name="test_empty_list" time="0.005" /><testcase classname="OdaiBotAPI.tests.test_auth_users.TestListBans" name="test_unauthenticated_returns_401" time="0.004" /><testcase classname="OdaiBotAPI.tests.test_auth_users.TestListBans" name="test_non_admin_returns_403" time="0.006" /><testcase classname="OdaiBotAPI.tests.test_auth_users.TestRemoveBan" name="test_success" time="0.005" /><testcase classname="OdaiBotAPI.tests.test_auth_users.TestRemoveBan" name="test_not_found_returns_404" time="0.005" /><testcase classname="OdaiBotAPI.tests.test_auth_users.TestRemoveBan" name="test_non_admin_returns_403" time="0.006" /><testcase classname="OdaiBotAPI.tests.test_auth_users.TestListInvites" name="test_success" time="0.005" /><testcase classname="OdaiBotAPI.tests.test_auth_users.TestListInvites" name="test_empty_list" time="0.004" /><testcase classname="OdaiBotAPI.tests.test_auth_users.TestListInvites" name="test_non_admin_returns_403" time="0.006" /><testcase classname="OdaiBotAPI.tests.test_auth_users.TestRevokeInvite" name="test_success" time="0.005" /><testcase classname="OdaiBotAPI.tests.test_auth_users.TestRevokeInvite" name="test_not_found_returns_404" time="0.006" /><testcase classname="OdaiBotAPI.tests.test_auth_users.TestRevokeInvite" name="test_non_admin_returns_403" time="0.006" /><testcase classname="OdaiBotAPI.tests.test_auth_users.TestUnlockUser" name="test_success" time="0.006" /><testcase classname="OdaiBotAPI.tests.test_auth_users.TestUnlockUser" name="test_not_found_returns_404" time="0.005" /><testcase classname="OdaiBotAPI.tests.test_auth_users.TestUnlockUser" name="test_non_admin_returns_403" time="0.006" /><testcase classname="OdaiBotAPI.tests.test_auth_users.TestBanUser" name="test_success" time="0.006" /><testcase classname="OdaiBotAPI.tests.test_auth_users.TestBanUser" name="test_self_ban_returns_400" time="0.005" /><testcase classname="OdaiBotAPI.tests.test_auth_users.TestBanUser" name="test_user_not_found_returns_404" time="0.005" /><testcase classname="OdaiBotAPI.tests.test_auth_users.TestBanUser" name="test_non_admin_returns_403" time="0.007" /><testcase classname="OdaiBotAPI.tests.test_auth_users.TestUnbanUser" name="test_success" time="0.006" /><testcase classname="OdaiBotAPI.tests.test_auth_users.TestUnbanUser" name="test_user_not_found_returns_404" time="0.006" /><testcase classname="OdaiBotAPI.tests.test_auth_users.TestUnbanUser" name="test_non_admin_returns_403" time="0.006" /><testcase classname="OdaiBotAPI.tests.test_auth_users.TestGetUserProfile" name="test_admin_can_view_any_profile" time="0.005" /><testcase classname="OdaiBotAPI.tests.test_auth_users.TestGetUserProfile" name="test_user_can_view_own_profile" time="0.005" /><testcase classname="OdaiBotAPI.tests.test_auth_users.TestGetUserProfile" name="test_user_cannot_view_others_profile" time="0.005" /><testcase classname="OdaiBotAPI.tests.test_auth_users.TestGetUserProfile" name="test_not_found_returns_404" time="0.005" /><testcase classname="OdaiBotAPI.tests.test_auth_users.TestGetUserProfile" name="test_profile_includes_odai_and_tags" time="0.005" /><testcase classname="OdaiBotAPI.tests.test_auth_users.TestListUsersNonAdmin" name="test_non_admin_sees_only_own_data" time="0.007" /><testcase classname="OdaiBotAPI.tests.test_auth_users.TestUpdateUserExtra" name="test_non_admin_cannot_update_other_user" time="0.006" /><testcase classname="OdaiBotAPI.tests.test_auth_users.TestUpdateUserExtra" name="test_wrong_current_password_returns_401" time="0.177" /><testcase classname="OdaiBotAPI.tests.test_auth_users.TestUpdateUserExtra" name="test_missing_current_password_returns_400" time="0.006" /><testcase classname="OdaiBotAPI.tests.test_auth_users.TestUpdateUserExtra" name="test_admin_can_change_role" time="0.006" /><testcase classname="OdaiBotAPI.tests.test_deps.TestHashPassword" name="test_returns_salt_and_digest" time="0.084" /><testcase classname="OdaiBotAPI.tests.test_deps.TestHashPassword" name="test_same_password_different_salts" time="0.164" /><testcase classname="OdaiBotAPI.tests.test_deps.TestHashPassword" name="test_different_passwords_different_hashes" time="0.176" /><testcase classname="OdaiBotAPI.tests.test_deps.TestVerifyPassword" name="test_correct_password" time="0.169" /><testcase classname="OdaiBotAPI.tests.test_deps.TestVerifyPassword" name="test_wrong_password" time="0.169" /><testcase classname="OdaiBotAPI.tests.test_deps.TestVerifyPassword" name="test_malformed_hash_returns_false" time="0.001" /><testcase classname="OdaiBotAPI.tests.test_deps.TestVerifyPassword" name="test_empty_password" time="0.246" /><testcase classname="OdaiBotAPI.tests.test_deps.TestNormalizeTags" name="test_none_returns_empty_list" time="0.001" /><testcase classname="OdaiBotAPI.tests.test_deps.TestNormalizeTags" name="test_comma_separated_string" time="0.001" /><testcase classname="OdaiBotAPI.tests.test_deps.TestNormalizeTags" name="test_string_with_spaces" time="0.001" /><testcase classname="OdaiBotAPI.tests.test_deps.TestNormalizeTags" name="test_list_input" time="0.001" /><testcase classname="OdaiBotAPI.tests.test_deps.TestNormalizeTags" name="test_list_with_empty_strings" time="0.001" /><testcase classname="OdaiBotAPI.tests.test_deps.TestNormalizeTags" name="test_empty_string" time="0.001" /><testcase classname="OdaiBotAPI.tests.test_deps.TestNormalizeTags" name="test_single_tag" time="0.001" /><testcase classname="OdaiBotAPI.tests.test_deps.TestGetGuildPlan" name="test_returns_plan_when_record_exists" time="0.001" /><testcase classname="OdaiBotAPI.tests.test_deps.TestGetGuildPlan" name="test_falls_back_to_free_when_no_record" time="0.001" /><testcase classname="OdaiBotAPI.tests.test_deps.TestGetGuildPlan" name="test_falls_back_to_empty_dict_when_plans_table_empty" time="0.001" /><testcase classname="OdaiBotAPI.tests.test_deps.TestRequireDashboardPlan" name="test_free_plan_raises_403" time="0.001" /><testcase classname="OdaiBotAPI.tests.test_deps.TestRequireDashboardPlan" name="test_light_plan_passes" time="0.001" /><testcase classname="OdaiBotAPI.tests.test_deps.TestRequireDashboardPlan" name="test_pro_plan_passes" time="0.001" /><testcase classname="OdaiBotAPI.tests.test_deps.TestRequireProPlan" name="test_free_raises_403" time="0.001" /><testcase classname="OdaiBotAPI.tests.test_deps.TestRequireProPlan" name="test_light_raises_403" time="0.001" /><testcase classname="OdaiBotAPI.tests.test_deps.TestRequireProPlan" name="test_pro_passes" time="0.001" /><testcase classname="OdaiBotAPI.tests.test_deps.TestRequireProPlan" name="test_enterprise_passes" time="0.001" /><testcase classname="OdaiBotAPI.tests.test_deps.TestCheckOdaiCapacity" name="test_null_capacity_is_unlimited" time="0.001" /><testcase classname="OdaiBotAPI.tests.test_deps.TestCheckOdaiCapacity" name="test_zero_capacity_raises_403" time="0.001" /><testcase classname="OdaiBotAPI.tests.test_deps.TestCheckOdaiCapacity" name="test_under_capacity_passes" time="0.001" /><testcase classname="OdaiBotAPI.tests.test_deps.TestCheckOdaiCapacity" name="test_at_capacity_raises_403" time="0.001" /><testcase classname="OdaiBotAPI.tests.test_deps.TestCheckOdaiCapacity" name="test_bulk_import_exceeding_capacity_raises_403" time="0.001" /><testcase classname="OdaiBotAPI.tests.test_odai.TestListOdai" name="test_success" time="0.011" /><testcase classname="OdaiBotAPI.tests.test_odai.TestListOdai" name="test_filter_by_tag" time="0.010" /><testcase classname="OdaiBotAPI.tests.test_odai.TestListOdai" name="test_filter_by_favorite" time="0.009" /><testcase classname="OdaiBotAPI.tests.test_odai.TestListOdai" name="test_unauthenticated_returns_401" time="0.007" /><testcase classname="OdaiBotAPI.tests.test_odai.TestUploadOdai" name="test_success" time="0.008" /><testcase classname="OdaiBotAPI.tests.test_odai.TestUploadOdai" name="test_invalid_content_type_returns_400" time="0.007" /><testcase classname="OdaiBotAPI.tests.test_odai.TestUploadOdai" name="test_file_too_large_returns_400" time="0.059" /><testcase classname="OdaiBotAPI.tests.test_odai.TestUploadOdai" name="test_duplicate_returns_409" time="0.010" /><testcase classname="OdaiBotAPI.tests.test_odai.TestUpdateOdai" name="test_success" time="0.006" /><testcase classname="OdaiBotAPI.tests.test_odai.TestUpdateOdai" name="test_not_found_returns_404" time="0.007" /><testcase classname="OdaiBotAPI.tests.test_odai.TestDeleteOdai" name="test_success" time="0.006" /><testcase classname="OdaiBotAPI.tests.test_odai.TestDeleteOdai" name="test_not_found_returns_404" time="0.005" /><testcase classname="OdaiBotAPI.tests.test_odai.TestDeleteOdai" name="test_non_admin_returns_403" time="0.007" /><testcase classname="OdaiBotAPI.tests.test_odai_extra.TestGetOdaiHistory" name="test_success" time="0.005" /><testcase classname="OdaiBotAPI.tests.test_odai_extra.TestGetOdaiHistory" name="test_not_found_returns_404" time="0.005" /><testcase classname="OdaiBotAPI.tests.test_odai_extra.TestGetOdaiHistory" name="test_pagination_params" time="0.005" /><testcase classname="OdaiBotAPI.tests.test_odai_extra.TestGetOdaiHistory" name="test_per_page_clamped_to_50" time="0.005" /><testcase classname="OdaiBotAPI.tests.test_odai_extra.TestGetOdaiHistory" name="test_unauthenticated_returns_401" time="0.004" /><testcase classname="OdaiBotAPI.tests.test_odai_extra.TestGetOdaiUsage" name="test_success" time="0.005" /><testcase classname="OdaiBotAPI.tests.test_odai_extra.TestGetOdaiUsage" name="test_channel_id_is_string" time="0.005" /><testcase classname="OdaiBotAPI.tests.test_odai_extra.TestGetOdaiUsage" name="test_not_found_returns_404" time="0.005" /><testcase classname="OdaiBotAPI.tests.test_odai_extra.TestGetOdaiUsage" name="test_empty_usage" time="0.005" /><testcase classname="OdaiBotAPI.tests.test_odai_extra.TestGetOdaiUsage" name="test_unauthenticated_returns_401" time="0.006" /><testcase classname="OdaiBotAPI.tests.test_odai_extra.TestGetOdaiImage" name="test_not_found_odai_returns_404" time="0.005" /><testcase classname="OdaiBotAPI.tests.test_odai_extra.TestGetOdaiImage" name="test_no_storage_path_returns_404" time="0.006" /><testcase classname="OdaiBotAPI.tests.test_odai_extra.TestGetOdaiImage" name="test_file_not_on_disk_returns_404" time="0.007" /><testcase classname="OdaiBotAPI.tests.test_odai_extra.TestGetOdaiImage" name="test_success_jpeg" time="0.007" /><testcase classname="OdaiBotAPI.tests.test_odai_extra.TestGetOdaiImage" name="test_success_png" time="0.007" /><testcase classname="OdaiBotAPI.tests.test_odai_extra.TestGetOdaiImage" name="test_success_webp" time="0.006" /><testcase classname="OdaiBotAPI.tests.test_odai_extra.TestGetOdaiImage" name="test_unauthenticated_returns_401" time="0.004" /><testcase classname="OdaiBotAPI.tests.test_odai_extra.TestImportOdai" name="test_success_single_file" time="0.006" /><testcase classname="OdaiBotAPI.tests.test_odai_extra.TestImportOdai" name="test_duplicate_file_fails_gracefully" time="0.005" /><testcase classname="OdaiBotAPI.tests.test_odai_extra.TestImportOdai" name="test_partial_success_multiple_files" time="0.006" /><testcase classname="OdaiBotAPI.tests.test_odai_extra.TestImportOdai" name="test_no_files_returns_422" time="0.005" /><testcase classname="OdaiBotAPI.tests.test_odai_extra.TestImportOdai" name="test_unauthenticated_returns_401" time="0.005" /><testcase classname="OdaiBotAPI.tests.test_odai_extra.TestUpdateOdaiEdgeCases" name="test_filename_rename_conflict_returns_409" time="0.006" /><testcase classname="OdaiBotAPI.tests.test_odai_extra.TestUpdateOdaiEdgeCases" name="test_empty_filename_returns_400" time="0.006" /><testcase classname="OdaiBotAPI.tests.test_odai_extra.TestUpdateOdaiEdgeCases" name="test_memo_update" time="0.006" /><testcase classname="OdaiBotAPI.tests.test_odai_extra.TestUpdateOdaiEdgeCases" name="test_soft_delete" time="0.006" /><testcase classname="OdaiBotAPI.tests.test_odai_extra.TestUpdateOdaiEdgeCases" name="test_restore_odai" time="0.006" /><testcase classname="OdaiBotAPI.tests.test_odai_extra.TestUpdateOdaiEdgeCases" name="test_tags_update" time="0.006" /><testcase classname="OdaiBotAPI.tests.test_odai_extra.TestUpdateOdaiEdgeCases" name="test_filename_successful_rename" time="0.005" /><testcase classname="OdaiBotAPI.tests.test_plan_gates.TestDashboardPlanGate" name="test_free_plan_login_returns_403" time="0.006" /><testcase classname="OdaiBotAPI.tests.test_plan_gates.TestDashboardPlanGate" name="test_light_plan_login_succeeds" time="0.188" /><testcase classname="OdaiBotAPI.tests.test_plan_gates.TestDashboardPlanGate" name="test_pro_plan_login_succeeds" time="0.182" /><testcase classname="OdaiBotAPI.tests.test_plan_gates.TestProPlanGate" name="test_odai_list_free_returns_403" time="0.010" /><testcase classname="OdaiBotAPI.tests.test_plan_gates.TestProPlanGate" name="test_odai_list_light_returns_403" time="0.009" /><testcase classname="OdaiBotAPI.tests.test_plan_gates.TestProPlanGate" name="test_odai_list_pro_passes" time="0.009" /><testcase classname="OdaiBotAPI.tests.test_plan_gates.TestProPlanGate" name="test_tags_list_free_returns_403" time="0.009" /><testcase classname="OdaiBotAPI.tests.test_plan_gates.TestProPlanGate" name="test_tags_list_light_returns_403" time="0.008" /><testcase classname="OdaiBotAPI.tests.test_plan_gates.TestProPlanGate" name="test_tags_list_pro_passes" time="0.009" /><testcase classname="OdaiBotAPI.tests.test_plan_gates.TestProPlanGate" name="test_schedules_list_free_returns_403" time="0.009" /><testcase classname="OdaiBotAPI.tests.test_plan_gates.TestProPlanGate" name="test_schedules_list_light_returns_403" time="0.008" /><testcase classname="OdaiBotAPI.tests.test_plan_gates.TestProPlanGate" name="test_schedules_list_pro_passes" time="0.010" /><testcase classname="OdaiBotAPI.tests.test_plan_gates.TestProPlanGate" name="test_settings_put_free_returns_403" time="0.009" /><testcase classname="OdaiBotAPI.tests.test_plan_gates.TestProPlanGate" name="test_settings_put_light_returns_403" time="0.009" /><testcase classname="OdaiBotAPI.tests.test_plan_gates.TestProPlanGate" name="test_settings_put_pro_passes" time="0.011" /><testcase classname="OdaiBotAPI.tests.test_plan_gates.TestProPlanGate" name="test_settings_get_light_passes" time="0.007" /><testcase classname="OdaiBotAPI.tests.test_plan_gates.TestProPlanGate" name="test_summary_free_passes_auth_but_plan_not_gated" time="0.006" /><testcase classname="OdaiBotAPI.tests.test_plan_schedule.TestGetPlanSchedule" name="test_returns_schedule_when_exists" time="0.005" /><testcase classname="OdaiBotAPI.tests.test_plan_schedule.TestGetPlanSchedule" name="test_returns_null_when_no_schedule" time="0.005" /><testcase classname="OdaiBotAPI.tests.test_plan_schedule.TestGetPlanSchedule" name="test_unauthenticated_returns_401" time="0.005" /><testcase classname="OdaiBotAPI.tests.test_plan_schedule.TestSetPlanSchedule" name="test_creates_schedule_when_none_exists" time="0.008" /><testcase classname="OdaiBotAPI.tests.test_plan_schedule.TestSetPlanSchedule" name="test_updates_existing_schedule" time="0.006" /><testcase classname="OdaiBotAPI.tests.test_plan_schedule.TestSetPlanSchedule" name="test_non_pro_cannot_create_second_schedule" time="0.006" /><testcase classname="OdaiBotAPI.tests.test_plan_schedule.TestSetPlanSchedule" name="test_free_plan_can_create_first_schedule" time="0.007" /><testcase classname="OdaiBotAPI.tests.test_plan_schedule.TestSetPlanSchedule" name="test_unauthenticated_returns_401" time="0.007" /><testcase classname="OdaiBotAPI.tests.test_plan_schedule.TestDeletePlanSchedule" name="test_success" time="0.006" /><testcase classname="OdaiBotAPI.tests.test_plan_schedule.TestDeletePlanSchedule" name="test_not_found_returns_404" time="0.007" /><testcase classname="OdaiBotAPI.tests.test_plan_schedule.TestDeletePlanSchedule" name="test_wrong_guild_returns_404" time="0.007" /><testcase classname="OdaiBotAPI.tests.test_plan_schedule.TestDeletePlanSchedule" name="test_unauthenticated_returns_401" time="0.006" /><testcase classname="OdaiBotAPI.tests.test_rate_limit.TestLoginRateLimit" name="test_rate_limit_returns_429" time="0.005" /><testcase classname="OdaiBotAPI.tests.test_rate_limit.TestResetPasswordRateLimit" name="test_rate_limit_returns_429" time="0.005" /><testcase classname="OdaiBotAPI.tests.test_schedules.TestListSchedules" name="test_success" time="0.012" /><testcase classname="OdaiBotAPI.tests.test_schedules.TestListSchedules" name="test_unauthenticated_returns_401" time="0.008" /><testcase classname="OdaiBotAPI.tests.test_schedules.TestCreateSchedule" name="test_success" time="0.010" /><testcase classname="OdaiBotAPI.tests.test_schedules.TestCreateSchedule" name="test_invalid_time_format_returns_400" time="0.009" /><testcase classname="OdaiBotAPI.tests.test_schedules.TestCreateSchedule" name="test_invalid_tag_mode_returns_400" time="0.009" /><testcase classname="OdaiBotAPI.tests.test_schedules.TestCreateSchedule" name="test_allow_mode_without_tags_returns_400" time="0.009" /><testcase classname="OdaiBotAPI.tests.test_schedules.TestCreateSchedule" name="test_allow_mode_with_tags_succeeds" time="0.008" /><testcase classname="OdaiBotAPI.tests.test_schedules.TestUpdateSchedule" name="test_success" time="0.006" /><testcase classname="OdaiBotAPI.tests.test_schedules.TestUpdateSchedule" name="test_not_found_returns_404" time="0.006" /><testcase classname="OdaiBotAPI.tests.test_schedules.TestDeleteSchedule" name="test_success" time="0.006" /><testcase classname="OdaiBotAPI.tests.test_schedules.TestDeleteSchedule" name="test_not_found_returns_404" time="0.006" /><testcase classname="OdaiBotAPI.tests.test_settings.TestGetSettings" name="test_success" time="0.008" /><testcase classname="OdaiBotAPI.tests.test_settings.TestGetSettings" name="test_returns_defaults_when_no_row" time="0.009" /><testcase classname="OdaiBotAPI.tests.test_settings.TestGetSettings" name="test_use_default_odai_false" time="0.008" /><testcase classname="OdaiBotAPI.tests.test_settings.TestGetSettings" name="test_unauthenticated_returns_401" time="0.007" /><testcase classname="OdaiBotAPI.tests.test_settings.TestUpdateSettings" name="test_update_existing" time="0.008" /><testcase classname="OdaiBotAPI.tests.test_settings.TestUpdateSettings" name="test_insert_when_not_exists" time="0.009" /><testcase classname="OdaiBotAPI.tests.test_settings.TestUpdateSettings" name="test_update_use_default_odai" time="0.008" /><testcase classname="OdaiBotAPI.tests.test_settings.TestUpdateSettings" name="test_non_admin_returns_403" time="0.011" /><testcase classname="OdaiBotAPI.tests.test_settings_extra.TestGetGuildName" name="test_success" time="0.005" /><testcase classname="OdaiBotAPI.tests.test_settings_extra.TestGetGuildName" name="test_not_registered_returns_null" time="0.005" /><testcase classname="OdaiBotAPI.tests.test_settings_extra.TestGetGuildName" name="test_no_auth_required" time="0.004" /><testcase classname="OdaiBotAPI.tests.test_settings_extra.TestGetChannels" name="test_success" time="0.006" /><testcase classname="OdaiBotAPI.tests.test_settings_extra.TestGetChannels" name="test_empty_returns_empty_list" time="0.005" /><testcase classname="OdaiBotAPI.tests.test_settings_extra.TestGetChannels" name="test_channel_id_is_string" time="0.005" /><testcase classname="OdaiBotAPI.tests.test_settings_extra.TestGetChannels" name="test_unauthenticated_returns_401" time="0.005" /><testcase classname="OdaiBotAPI.tests.test_stripe.TestGetGuildPlanEndpoint" name="test_returns_plan_when_record_exists" time="0.005" /><testcase classname="OdaiBotAPI.tests.test_stripe.TestGetGuildPlanEndpoint" name="test_returns_free_defaults_when_no_record" time="0.005" /><testcase classname="OdaiBotAPI.tests.test_stripe.TestGetGuildPlanEndpoint" name="test_current_period_end_is_returned" time="0.004" /><testcase classname="OdaiBotAPI.tests.test_stripe.TestStripeWebhook" name="test_invalid_signature_returns_400" time="0.005" /><testcase classname="OdaiBotAPI.tests.test_stripe.TestStripeWebhook" name="test_checkout_completed_subscription_upserts_guild_plan" time="0.004" /><testcase classname="OdaiBotAPI.tests.test_stripe.TestStripeWebhook" name="test_checkout_completed_expand_increments_capacity" time="0.004" /><testcase classname="OdaiBotAPI.tests.test_stripe.TestStripeWebhook" name="test_subscription_updated_updates_status" time="0.005" /><testcase classname="OdaiBotAPI.tests.test_stripe.TestStripeWebhook" name="test_subscription_deleted_sets_canceled" time="0.005" /><testcase classname="OdaiBotAPI.tests.test_stripe.TestStripeWebhook" name="test_unknown_event_type_returns_200" time="0.005" /><testcase classname="OdaiBotAPI.tests.test_stripe.TestStripeWebhook" name="test_checkout_completed_missing_guild_id_is_noop" time="0.005" /><testcase classname="OdaiBotAPI.tests.test_stripe.TestCreateCheckout" name="test_no_bot_secret_returns_401" time="0.005" /><testcase classname="OdaiBotAPI.tests.test_stripe.TestCreateCheckout" name="test_wrong_bot_secret_returns_401" time="0.004" /><testcase classname="OdaiBotAPI.tests.test_stripe.TestCreateCheckout" name="test_plan_not_found_returns_400" time="0.005" /><testcase classname="OdaiBotAPI.tests.test_stripe.TestCreateCheckout" name="test_plan_without_price_id_returns_400" time="0.005" /><testcase classname="OdaiBotAPI.tests.test_stripe.TestCreateCheckout" name="test_success_returns_checkout_url" time="0.026" /><testcase classname="OdaiBotAPI.tests.test_stripe.TestCreateExpand" name="test_no_bot_secret_returns_401" time="0.005" /><testcase classname="OdaiBotAPI.tests.test_stripe.TestCreateExpand" name="test_guild_not_found_returns_404" time="0.005" /><testcase classname="OdaiBotAPI.tests.test_stripe.TestCreateExpand" name="test_cannot_expand_returns_403" time="0.005" /><testcase classname="OdaiBotAPI.tests.test_stripe.TestCreateExpand" name="test_exceeds_max_capacity_returns_400" time="0.005" /><testcase classname="OdaiBotAPI.tests.test_stripe.TestCreateExpand" name="test_success_returns_checkout_url" time="0.006" /><testcase classname="OdaiBotAPI.tests.test_summary.TestDashboardSummary" name="test_success_with_last_post" time="0.007" /><testcase classname="OdaiBotAPI.tests.test_summary.TestDashboardSummary" name="test_success_without_last_post" time="0.006" /><testcase classname="OdaiBotAPI.tests.test_summary.TestDashboardSummary" name="test_unauthenticated_returns_401" time="0.005" /><testcase classname="OdaiBotAPI.tests.test_tags.TestListTags" name="test_success" time="0.009" /><testcase classname="OdaiBotAPI.tests.test_tags.TestListTags" name="test_search_passes_query_param" time="0.010" /><testcase classname="OdaiBotAPI.tests.test_tags.TestListTags" name="test_unauthenticated_returns_401" time="0.007" /><testcase classname="OdaiBotAPI.tests.test_tags.TestCreateTag" name="test_success" time="0.008" /><testcase classname="OdaiBotAPI.tests.test_tags.TestCreateTag" name="test_duplicate_name_returns_409" time="0.008" /><testcase classname="OdaiBotAPI.tests.test_tags.TestUpdateTag" name="test_success" time="0.005" /><testcase classname="OdaiBotAPI.tests.test_tags.TestUpdateTag" name="test_not_found_returns_404" time="0.007" /><testcase classname="OdaiBotAPI.tests.test_tags.TestUpdateTag" name="test_name_conflict_returns_409" time="0.007" /><testcase classname="OdaiBotAPI.tests.test_tags.TestUpdateTag" name="test_no_fields_returns_400" time="0.008" /><testcase classname="OdaiBotAPI.tests.test_tags.TestDeleteTag" name="test_success" time="0.007" /><testcase classname="OdaiBotAPI.tests.test_tags.TestDeleteTag" name="test_not_found_returns_404" time="0.009" /><testcase classname="OdaiBotAPI.tests.test_tags_extra.TestGetTagDetail" name="test_success" time="0.007" /><testcase classname="OdaiBotAPI.tests.test_tags_extra.TestGetTagDetail" name="test_not_found_returns_404" time="0.008" /><testcase classname="OdaiBotAPI.tests.test_tags_extra.TestGetTagDetail" name="test_includes_odai_list" time="0.008" /><testcase classname="OdaiBotAPI.tests.test_tags_extra.TestGetTagDetail" name="test_includes_schedules_with_enabled_as_bool" time="0.008" /><testcase classname="OdaiBotAPI.tests.test_tags_extra.TestGetTagDetail" name="test_unauthenticated_returns_401" time="0.005" /><testcase classname="OdaiBotAPI.tests.test_test_post.TestTestPost" name="test_success" time="0.008" /><testcase classname="OdaiBotAPI.tests.test_test_post.TestTestPost" name="test_no_candidate_returns_404" time="0.008" /><testcase classname="OdaiBotAPI.tests.test_test_post.TestTestPost" name="test_with_tag_mode_and_list" time="0.007" /><testcase classname="OdaiBotAPI.tests.test_test_post.TestTestPost" name="test_default_tag_mode_is_all" time="0.006" /><testcase classname="OdaiBotAPI.tests.test_test_post.TestTestPost" name="test_unauthenticated_returns_401" time="0.005" /></testsuite></testsuites>